<?xml version="1.0" encoding="UTF-8"?>
<!-- Generated by org.testng.reporters.JUnitReportReporter -->
<testsuite name="com.scb.fmsw.mobile.test.LoginTest" tests="1" time="176.842" ignored="0" failures="0" timestamp="02 Feb 2018 10:23:34 GMT" skipped="0" hostname="Guo-Wangs-MacBook-Pro.local" errors="0">
  <testcase name="loginTest" time="176.842" classname="com.scb.fmsw.mobile.test.LoginTest"/>
</testsuite> <!-- com.scb.fmsw.mobile.test.LoginTest -->
