<?xml version="1.0" encoding="UTF-8"?>
<!-- Generated by org.testng.reporters.JUnitReportReporter -->
<testsuite name="com.scb.fmsw.mobile.screen.PickerWheelInpsection" tests="1" time="73.527" ignored="0" failures="0" timestamp="12 Mar 2018 05:33:38 GMT" skipped="0" hostname="Guo-Wangs-MacBook-Pro.local" errors="0">
  <testcase name="acknowledgeWorkflowTest" time="73.527" classname="com.scb.fmsw.mobile.screen.PickerWheelInpsection"/>
</testsuite> <!-- com.scb.fmsw.mobile.screen.PickerWheelInpsection -->
