<?xml version="1.0" encoding="UTF-8"?>
<!-- Generated by org.testng.reporters.JUnitReportReporter -->
<testsuite name="com.scb.fmsw.mobile.test.Testing" tests="1" time="1656.841" ignored="0" failures="0" timestamp="12 Mar 2018 10:51:50 GMT" skipped="0" hostname="Guo-Wangs-MacBook-Pro.local" errors="0">
  <testcase name="acknowledgeAllCNAWorkflowTest" time="1656.841" classname="com.scb.fmsw.mobile.test.Testing"/>
</testsuite> <!-- com.scb.fmsw.mobile.test.Testing -->
