<?xml version="1.0" encoding="UTF-8"?>
<!-- Generated by org.testng.reporters.JUnitReportReporter -->
<testsuite name="com.scb.fmsw.mobile.test.AcknowledgeTest" tests="4" time="666.987" ignored="0" failures="0" timestamp="13 Mar 2018 02:15:39 GMT" skipped="0" hostname="Guo-Wangs-MacBook-Pro.local" errors="0">
  <testcase name="acknowledgeToReviewCNAWorkflowTest" time="262.750" classname="com.scb.fmsw.mobile.test.AcknowledgeTest"/>
  <testcase name="acknowledgeOverdueIPVWorkflowTest" time="117.547" classname="com.scb.fmsw.mobile.test.AcknowledgeTest"/>
  <testcase name="acknowledgeOverdueOMRWorkflowTest" time="170.649" classname="com.scb.fmsw.mobile.test.AcknowledgeTest"/>
  <testcase name="acknowledgeOverduePNLWorkflowTest" time="116.041" classname="com.scb.fmsw.mobile.test.AcknowledgeTest"/>
</testsuite> <!-- com.scb.fmsw.mobile.test.AcknowledgeTest -->
