<?xml version="1.0" encoding="UTF-8"?>
<!-- Generated by org.testng.reporters.JUnitReportReporter -->
<testsuite name="com.scb.fmsw.mobile.test.Testing" tests="1" time="0.000" ignored="0" failures="0" timestamp="12 Mar 2018 03:50:08 GMT" skipped="1" hostname="Guo-Wangs-MacBook-Pro.local" errors="0">
  <testcase name="acknowledgeAllCNAWorkflowTest" time="0.000" classname="com.scb.fmsw.mobile.test.Testing">
    <skipped/>
  </testcase> <!-- acknowledgeAllCNAWorkflowTest -->
</testsuite> <!-- com.scb.fmsw.mobile.test.Testing -->
